{"/home/jdfortune/Desktop/LaunchSchool/JS225/finalTodoApp/todoApp.js": {"path":"/home/jdfortune/Desktop/LaunchSchool/JS225/finalTodoApp/todoApp.js","statementMap":{"0":{"start":{"line":1,"column":14},"end":{"line":1,"column":47}},"1":{"start":{"line":5,"column":4},"end":{"line":5,"column":32}},"2":{"start":{"line":6,"column":4},"end":{"line":6,"column":32}},"3":{"start":{"line":7,"column":4},"end":{"line":7,"column":30}},"4":{"start":{"line":8,"column":4},"end":{"line":8,"column":44}},"5":{"start":{"line":9,"column":4},"end":{"line":9,"column":27}},"6":{"start":{"line":13,"column":4},"end":{"line":19,"column":5}},"7":{"start":{"line":14,"column":6},"end":{"line":14,"column":34}},"8":{"start":{"line":15,"column":11},"end":{"line":19,"column":5}},"9":{"start":{"line":16,"column":6},"end":{"line":16,"column":32}},"10":{"start":{"line":18,"column":6},"end":{"line":18,"column":56}},"11":{"start":{"line":23,"column":15},"end":{"line":119,"column":3}},"12":{"start":{"line":24,"column":14},"end":{"line":24,"column":16}},"13":{"start":{"line":26,"column":23},"end":{"line":32,"column":3}},"14":{"start":{"line":27,"column":15},"end":{"line":27,"column":36}},"15":{"start":{"line":29,"column":4},"end":{"line":31,"column":7}},"16":{"start":{"line":30,"column":6},"end":{"line":30,"column":59}},"17":{"start":{"line":30,"column":30},"end":{"line":30,"column":57}},"18":{"start":{"line":34,"column":27},"end":{"line":38,"column":3}},"19":{"start":{"line":35,"column":18},"end":{"line":35,"column":41}},"20":{"start":{"line":35,"column":38},"end":{"line":35,"column":40}},"21":{"start":{"line":36,"column":13},"end":{"line":36,"column":66}},"22":{"start":{"line":37,"column":4},"end":{"line":37,"column":14}},"23":{"start":{"line":40,"column":24},"end":{"line":42,"column":3}},"24":{"start":{"line":41,"column":4},"end":{"line":41,"column":47}},"25":{"start":{"line":41,"column":32},"end":{"line":41,"column":45}},"26":{"start":{"line":44,"column":23},"end":{"line":46,"column":3}},"27":{"start":{"line":45,"column":4},"end":{"line":45,"column":31}},"28":{"start":{"line":48,"column":2},"end":{"line":118,"column":4}},"29":{"start":{"line":50,"column":6},"end":{"line":50,"column":33}},"30":{"start":{"line":53,"column":6},"end":{"line":65,"column":9}},"31":{"start":{"line":54,"column":8},"end":{"line":64,"column":9}},"32":{"start":{"line":57,"column":19},"end":{"line":57,"column":37}},"33":{"start":{"line":58,"column":21},"end":{"line":58,"column":35}},"34":{"start":{"line":59,"column":10},"end":{"line":59,"column":23}},"35":{"start":{"line":60,"column":10},"end":{"line":60,"column":27}},"36":{"start":{"line":61,"column":10},"end":{"line":61,"column":62}},"37":{"start":{"line":63,"column":10},"end":{"line":63,"column":26}},"38":{"start":{"line":67,"column":6},"end":{"line":69,"column":7}},"39":{"start":{"line":68,"column":8},"end":{"line":68,"column":79}},"40":{"start":{"line":73,"column":17},"end":{"line":73,"column":38}},"41":{"start":{"line":75,"column":6},"end":{"line":81,"column":7}},"42":{"start":{"line":76,"column":18},"end":{"line":76,"column":36}},"43":{"start":{"line":77,"column":8},"end":{"line":77,"column":29}},"44":{"start":{"line":78,"column":8},"end":{"line":78,"column":62}},"45":{"start":{"line":80,"column":8},"end":{"line":80,"column":39}},"46":{"start":{"line":85,"column":6},"end":{"line":88,"column":7}},"47":{"start":{"line":86,"column":8},"end":{"line":86,"column":67}},"48":{"start":{"line":87,"column":8},"end":{"line":87,"column":15}},"49":{"start":{"line":90,"column":6},"end":{"line":93,"column":7}},"50":{"start":{"line":91,"column":8},"end":{"line":91,"column":69}},"51":{"start":{"line":92,"column":8},"end":{"line":92,"column":15}},"52":{"start":{"line":95,"column":17},"end":{"line":95,"column":38}},"53":{"start":{"line":97,"column":6},"end":{"line":102,"column":7}},"54":{"start":{"line":98,"column":8},"end":{"line":98,"column":41}},"55":{"start":{"line":99,"column":8},"end":{"line":99,"column":63}},"56":{"start":{"line":101,"column":8},"end":{"line":101,"column":41}},"57":{"start":{"line":106,"column":17},"end":{"line":106,"column":52}},"58":{"start":{"line":106,"column":38},"end":{"line":106,"column":51}},"59":{"start":{"line":107,"column":17},"end":{"line":107,"column":26}},"60":{"start":{"line":108,"column":6},"end":{"line":108,"column":38}},"61":{"start":{"line":109,"column":6},"end":{"line":109,"column":18}},"62":{"start":{"line":113,"column":28},"end":{"line":113,"column":49}},"63":{"start":{"line":114,"column":17},"end":{"line":114,"column":44}},"64":{"start":{"line":115,"column":6},"end":{"line":115,"column":60}},"65":{"start":{"line":115,"column":27},"end":{"line":115,"column":58}},"66":{"start":{"line":116,"column":6},"end":{"line":116,"column":18}},"67":{"start":{"line":121,"column":20},"end":{"line":144,"column":1}},"68":{"start":{"line":123,"column":4},"end":{"line":123,"column":28}},"69":{"start":{"line":127,"column":25},"end":{"line":127,"column":72}},"70":{"start":{"line":127,"column":57},"end":{"line":127,"column":71}},"71":{"start":{"line":129,"column":4},"end":{"line":129,"column":26}},"72":{"start":{"line":133,"column":4},"end":{"line":135,"column":7}},"73":{"start":{"line":134,"column":6},"end":{"line":134,"column":49}},"74":{"start":{"line":139,"column":25},"end":{"line":140,"column":60}},"75":{"start":{"line":140,"column":45},"end":{"line":140,"column":59}},"76":{"start":{"line":142,"column":4},"end":{"line":142,"column":26}},"77":{"start":{"line":146,"column":0},"end":{"line":150,"column":1}}},"fnMap":{"0":{"name":"(anonymous_0)","decl":{"start":{"line":4,"column":2},"end":{"line":4,"column":3}},"loc":{"start":{"line":4,"column":24},"end":{"line":10,"column":3}},"line":4},"1":{"name":"(anonymous_1)","decl":{"start":{"line":12,"column":2},"end":{"line":12,"column":3}},"loc":{"start":{"line":12,"column":33},"end":{"line":20,"column":3}},"line":12},"2":{"name":"(anonymous_2)","decl":{"start":{"line":23,"column":15},"end":{"line":23,"column":16}},"loc":{"start":{"line":23,"column":26},"end":{"line":119,"column":1}},"line":23},"3":{"name":"(anonymous_3)","decl":{"start":{"line":26,"column":23},"end":{"line":26,"column":24}},"loc":{"start":{"line":26,"column":37},"end":{"line":32,"column":3}},"line":26},"4":{"name":"(anonymous_4)","decl":{"start":{"line":29,"column":23},"end":{"line":29,"column":24}},"loc":{"start":{"line":29,"column":31},"end":{"line":31,"column":5}},"line":29},"5":{"name":"(anonymous_5)","decl":{"start":{"line":30,"column":23},"end":{"line":30,"column":24}},"loc":{"start":{"line":30,"column":30},"end":{"line":30,"column":57}},"line":30},"6":{"name":"(anonymous_6)","decl":{"start":{"line":34,"column":27},"end":{"line":34,"column":28}},"loc":{"start":{"line":34,"column":33},"end":{"line":38,"column":3}},"line":34},"7":{"name":"(anonymous_7)","decl":{"start":{"line":35,"column":28},"end":{"line":35,"column":29}},"loc":{"start":{"line":35,"column":38},"end":{"line":35,"column":40}},"line":35},"8":{"name":"(anonymous_8)","decl":{"start":{"line":40,"column":24},"end":{"line":40,"column":25}},"loc":{"start":{"line":40,"column":36},"end":{"line":42,"column":3}},"line":40},"9":{"name":"(anonymous_9)","decl":{"start":{"line":41,"column":22},"end":{"line":41,"column":23}},"loc":{"start":{"line":41,"column":32},"end":{"line":41,"column":45}},"line":41},"10":{"name":"(anonymous_10)","decl":{"start":{"line":44,"column":23},"end":{"line":44,"column":24}},"loc":{"start":{"line":44,"column":33},"end":{"line":46,"column":3}},"line":44},"11":{"name":"(anonymous_11)","decl":{"start":{"line":49,"column":4},"end":{"line":49,"column":5}},"loc":{"start":{"line":49,"column":21},"end":{"line":70,"column":5}},"line":49},"12":{"name":"(anonymous_12)","decl":{"start":{"line":53,"column":23},"end":{"line":53,"column":24}},"loc":{"start":{"line":53,"column":31},"end":{"line":65,"column":7}},"line":53},"13":{"name":"(anonymous_13)","decl":{"start":{"line":72,"column":4},"end":{"line":72,"column":5}},"loc":{"start":{"line":72,"column":19},"end":{"line":82,"column":5}},"line":72},"14":{"name":"(anonymous_14)","decl":{"start":{"line":84,"column":4},"end":{"line":84,"column":5}},"loc":{"start":{"line":84,"column":32},"end":{"line":103,"column":5}},"line":84},"15":{"name":"(anonymous_15)","decl":{"start":{"line":105,"column":4},"end":{"line":105,"column":5}},"loc":{"start":{"line":105,"column":20},"end":{"line":110,"column":5}},"line":105},"16":{"name":"(anonymous_16)","decl":{"start":{"line":106,"column":28},"end":{"line":106,"column":29}},"loc":{"start":{"line":106,"column":38},"end":{"line":106,"column":51}},"line":106},"17":{"name":"(anonymous_17)","decl":{"start":{"line":112,"column":4},"end":{"line":112,"column":5}},"loc":{"start":{"line":112,"column":12},"end":{"line":117,"column":5}},"line":112},"18":{"name":"(anonymous_18)","decl":{"start":{"line":115,"column":19},"end":{"line":115,"column":20}},"loc":{"start":{"line":115,"column":27},"end":{"line":115,"column":58}},"line":115},"19":{"name":"(anonymous_19)","decl":{"start":{"line":122,"column":2},"end":{"line":122,"column":3}},"loc":{"start":{"line":122,"column":13},"end":{"line":124,"column":3}},"line":122},"20":{"name":"(anonymous_20)","decl":{"start":{"line":126,"column":2},"end":{"line":126,"column":3}},"loc":{"start":{"line":126,"column":19},"end":{"line":130,"column":3}},"line":126},"21":{"name":"(anonymous_21)","decl":{"start":{"line":127,"column":49},"end":{"line":127,"column":50}},"loc":{"start":{"line":127,"column":57},"end":{"line":127,"column":71}},"line":127},"22":{"name":"(anonymous_22)","decl":{"start":{"line":132,"column":2},"end":{"line":132,"column":3}},"loc":{"start":{"line":132,"column":28},"end":{"line":136,"column":3}},"line":132},"23":{"name":"(anonymous_23)","decl":{"start":{"line":133,"column":35},"end":{"line":133,"column":36}},"loc":{"start":{"line":133,"column":43},"end":{"line":135,"column":5}},"line":133},"24":{"name":"(anonymous_24)","decl":{"start":{"line":138,"column":2},"end":{"line":138,"column":3}},"loc":{"start":{"line":138,"column":37},"end":{"line":143,"column":3}},"line":138},"25":{"name":"(anonymous_25)","decl":{"start":{"line":140,"column":37},"end":{"line":140,"column":38}},"loc":{"start":{"line":140,"column":45},"end":{"line":140,"column":59}},"line":140}},"branchMap":{"0":{"loc":{"start":{"line":13,"column":4},"end":{"line":19,"column":5}},"type":"if","locations":[{"start":{"line":13,"column":4},"end":{"line":19,"column":5}},{"start":{"line":15,"column":11},"end":{"line":19,"column":5}}],"line":13},"1":{"loc":{"start":{"line":15,"column":11},"end":{"line":19,"column":5}},"type":"if","locations":[{"start":{"line":15,"column":11},"end":{"line":19,"column":5}},{"start":{"line":17,"column":11},"end":{"line":19,"column":5}}],"line":15},"2":{"loc":{"start":{"line":18,"column":13},"end":{"line":18,"column":55}},"type":"binary-expr","locations":[{"start":{"line":18,"column":13},"end":{"line":18,"column":33}},{"start":{"line":18,"column":37},"end":{"line":18,"column":55}}],"line":18},"3":{"loc":{"start":{"line":36,"column":13},"end":{"line":36,"column":66}},"type":"cond-expr","locations":[{"start":{"line":36,"column":36},"end":{"line":36,"column":37}},{"start":{"line":36,"column":41},"end":{"line":36,"column":65}}],"line":36},"4":{"loc":{"start":{"line":54,"column":8},"end":{"line":64,"column":9}},"type":"if","locations":[{"start":{"line":54,"column":8},"end":{"line":64,"column":9}},{"start":{"line":62,"column":15},"end":{"line":64,"column":9}}],"line":54},"5":{"loc":{"start":{"line":54,"column":12},"end":{"line":56,"column":30}},"type":"binary-expr","locations":[{"start":{"line":54,"column":12},"end":{"line":54,"column":39}},{"start":{"line":55,"column":12},"end":{"line":55,"column":32}},{"start":{"line":56,"column":12},"end":{"line":56,"column":30}}],"line":54},"6":{"loc":{"start":{"line":67,"column":6},"end":{"line":69,"column":7}},"type":"if","locations":[{"start":{"line":67,"column":6},"end":{"line":69,"column":7}},{"start":{},"end":{}}],"line":67},"7":{"loc":{"start":{"line":75,"column":6},"end":{"line":81,"column":7}},"type":"if","locations":[{"start":{"line":75,"column":6},"end":{"line":81,"column":7}},{"start":{"line":79,"column":13},"end":{"line":81,"column":7}}],"line":75},"8":{"loc":{"start":{"line":85,"column":6},"end":{"line":88,"column":7}},"type":"if","locations":[{"start":{"line":85,"column":6},"end":{"line":88,"column":7}},{"start":{},"end":{}}],"line":85},"9":{"loc":{"start":{"line":85,"column":10},"end":{"line":85,"column":65}},"type":"binary-expr","locations":[{"start":{"line":85,"column":10},"end":{"line":85,"column":30}},{"start":{"line":85,"column":34},"end":{"line":85,"column":65}}],"line":85},"10":{"loc":{"start":{"line":90,"column":6},"end":{"line":93,"column":7}},"type":"if","locations":[{"start":{"line":90,"column":6},"end":{"line":93,"column":7}},{"start":{},"end":{}}],"line":90},"11":{"loc":{"start":{"line":97,"column":6},"end":{"line":102,"column":7}},"type":"if","locations":[{"start":{"line":97,"column":6},"end":{"line":102,"column":7}},{"start":{"line":100,"column":13},"end":{"line":102,"column":7}}],"line":97}},"s":{"0":1,"1":80,"2":80,"3":80,"4":80,"5":80,"6":16,"7":4,"8":12,"9":4,"10":8,"11":1,"12":1,"13":1,"14":80,"15":80,"16":116,"17":120,"18":1,"19":79,"20":115,"21":79,"22":79,"23":1,"24":88,"25":94,"26":1,"27":79,"28":1,"29":25,"30":25,"31":102,"32":79,"33":79,"34":79,"35":79,"36":79,"37":23,"38":25,"39":22,"40":80,"41":80,"42":79,"43":79,"44":79,"45":1,"46":16,"47":1,"48":1,"49":15,"50":7,"51":7,"52":8,"53":8,"54":7,"55":7,"56":1,"57":15,"58":15,"59":15,"60":15,"61":15,"62":40,"63":40,"64":40,"65":122,"66":40,"67":1,"68":3,"69":1,"70":4,"71":1,"72":4,"73":16,"74":1,"75":1,"76":1,"77":1},"f":{"0":80,"1":16,"2":1,"3":80,"4":116,"5":120,"6":79,"7":115,"8":88,"9":94,"10":79,"11":25,"12":102,"13":80,"14":16,"15":15,"16":15,"17":40,"18":122,"19":3,"20":1,"21":4,"22":4,"23":16,"24":1,"25":1},"b":{"0":[4,12],"1":[4,8],"2":[8,4],"3":[21,58],"4":[79,23],"5":[102,100,80],"6":[22,3],"7":[79,1],"8":[1,15],"9":[16,16],"10":[7,8],"11":[7,1]},"_coverageSchema":"1a1c01bbd47fc00a2c39e90264f33305004495a9","hash":"b2df79620e542b991af2f32ff38b3d8bb1218a7c"}
,"/home/jdfortune/Desktop/LaunchSchool/JS225/finalTodoApp/assets/appData.js": {"path":"/home/jdfortune/Desktop/LaunchSchool/JS225/finalTodoApp/assets/appData.js","statementMap":{"0":{"start":{"line":1,"column":16},"end":{"line":6,"column":1}},"1":{"start":{"line":8,"column":16},"end":{"line":13,"column":1}},"2":{"start":{"line":15,"column":16},"end":{"line":20,"column":1}},"3":{"start":{"line":22,"column":16},"end":{"line":27,"column":1}},"4":{"start":{"line":29,"column":14},"end":{"line":34,"column":1}},"5":{"start":{"line":36,"column":14},"end":{"line":36,"column":67}},"6":{"start":{"line":38,"column":0},"end":{"line":38,"column":25}}},"fnMap":{},"branchMap":{},"s":{"0":1,"1":1,"2":1,"3":1,"4":1,"5":1,"6":1},"f":{},"b":{},"_coverageSchema":"1a1c01bbd47fc00a2c39e90264f33305004495a9","hash":"9d233be2e78f06a51a62e3e2cea5fd76c6e1b373"}
,"/home/jdfortune/Desktop/LaunchSchool/JS225/finalTodoApp/assets/validation.js": {"path":"/home/jdfortune/Desktop/LaunchSchool/JS225/finalTodoApp/assets/validation.js","statementMap":{"0":{"start":{"line":1,"column":12},"end":{"line":59,"column":1}},"1":{"start":{"line":3,"column":15},"end":{"line":3,"column":36}},"2":{"start":{"line":5,"column":4},"end":{"line":7,"column":7}},"3":{"start":{"line":6,"column":6},"end":{"line":6,"column":46}},"4":{"start":{"line":11,"column":18},"end":{"line":15,"column":53}},"5":{"start":{"line":17,"column":4},"end":{"line":17,"column":30}},"6":{"start":{"line":17,"column":17},"end":{"line":17,"column":30}},"7":{"start":{"line":19,"column":4},"end":{"line":35,"column":5}},"8":{"start":{"line":21,"column":8},"end":{"line":21,"column":57}},"9":{"start":{"line":21,"column":45},"end":{"line":21,"column":57}},"10":{"start":{"line":22,"column":8},"end":{"line":22,"column":14}},"11":{"start":{"line":24,"column":8},"end":{"line":24,"column":57}},"12":{"start":{"line":24,"column":45},"end":{"line":24,"column":57}},"13":{"start":{"line":25,"column":8},"end":{"line":25,"column":14}},"14":{"start":{"line":27,"column":8},"end":{"line":27,"column":55}},"15":{"start":{"line":27,"column":43},"end":{"line":27,"column":55}},"16":{"start":{"line":28,"column":8},"end":{"line":28,"column":14}},"17":{"start":{"line":30,"column":8},"end":{"line":30,"column":69}},"18":{"start":{"line":30,"column":57},"end":{"line":30,"column":69}},"19":{"start":{"line":31,"column":8},"end":{"line":31,"column":14}},"20":{"start":{"line":33,"column":8},"end":{"line":33,"column":65}},"21":{"start":{"line":33,"column":53},"end":{"line":33,"column":65}},"22":{"start":{"line":34,"column":8},"end":{"line":34,"column":14}},"23":{"start":{"line":39,"column":4},"end":{"line":42,"column":13}},"24":{"start":{"line":41,"column":12},"end":{"line":41,"column":48}},"25":{"start":{"line":45,"column":25},"end":{"line":45,"column":71}},"26":{"start":{"line":48,"column":4},"end":{"line":50,"column":56}},"27":{"start":{"line":54,"column":4},"end":{"line":55,"column":68}},"28":{"start":{"line":58,"column":37},"end":{"line":58,"column":68}},"29":{"start":{"line":61,"column":0},"end":{"line":61,"column":23}}},"fnMap":{"0":{"name":"(anonymous_0)","decl":{"start":{"line":2,"column":2},"end":{"line":2,"column":3}},"loc":{"start":{"line":2,"column":21},"end":{"line":8,"column":3}},"line":2},"1":{"name":"(anonymous_1)","decl":{"start":{"line":5,"column":22},"end":{"line":5,"column":23}},"loc":{"start":{"line":5,"column":29},"end":{"line":7,"column":5}},"line":5},"2":{"name":"(anonymous_2)","decl":{"start":{"line":10,"column":2},"end":{"line":10,"column":3}},"loc":{"start":{"line":10,"column":35},"end":{"line":36,"column":3}},"line":10},"3":{"name":"(anonymous_3)","decl":{"start":{"line":38,"column":2},"end":{"line":38,"column":3}},"loc":{"start":{"line":38,"column":28},"end":{"line":43,"column":3}},"line":38},"4":{"name":"(anonymous_4)","decl":{"start":{"line":40,"column":58},"end":{"line":40,"column":59}},"loc":{"start":{"line":40,"column":65},"end":{"line":42,"column":11}},"line":40},"5":{"name":"(anonymous_5)","decl":{"start":{"line":45,"column":14},"end":{"line":45,"column":15}},"loc":{"start":{"line":45,"column":25},"end":{"line":45,"column":71}},"line":45},"6":{"name":"(anonymous_6)","decl":{"start":{"line":47,"column":2},"end":{"line":47,"column":3}},"loc":{"start":{"line":47,"column":20},"end":{"line":51,"column":3}},"line":47},"7":{"name":"(anonymous_7)","decl":{"start":{"line":53,"column":2},"end":{"line":53,"column":3}},"loc":{"start":{"line":53,"column":18},"end":{"line":56,"column":3}},"line":53},"8":{"name":"(anonymous_8)","decl":{"start":{"line":58,"column":20},"end":{"line":58,"column":21}},"loc":{"start":{"line":58,"column":37},"end":{"line":58,"column":68}},"line":58}},"branchMap":{"0":{"loc":{"start":{"line":17,"column":4},"end":{"line":17,"column":30}},"type":"if","locations":[{"start":{"line":17,"column":4},"end":{"line":17,"column":30}},{"start":{},"end":{}}],"line":17},"1":{"loc":{"start":{"line":19,"column":4},"end":{"line":35,"column":5}},"type":"switch","locations":[{"start":{"line":20,"column":6},"end":{"line":22,"column":14}},{"start":{"line":23,"column":6},"end":{"line":25,"column":14}},{"start":{"line":26,"column":6},"end":{"line":28,"column":14}},{"start":{"line":29,"column":6},"end":{"line":31,"column":14}},{"start":{"line":32,"column":6},"end":{"line":34,"column":14}}],"line":19},"2":{"loc":{"start":{"line":21,"column":8},"end":{"line":21,"column":57}},"type":"if","locations":[{"start":{"line":21,"column":8},"end":{"line":21,"column":57}},{"start":{},"end":{}}],"line":21},"3":{"loc":{"start":{"line":24,"column":8},"end":{"line":24,"column":57}},"type":"if","locations":[{"start":{"line":24,"column":8},"end":{"line":24,"column":57}},{"start":{},"end":{}}],"line":24},"4":{"loc":{"start":{"line":27,"column":8},"end":{"line":27,"column":55}},"type":"if","locations":[{"start":{"line":27,"column":8},"end":{"line":27,"column":55}},{"start":{},"end":{}}],"line":27},"5":{"loc":{"start":{"line":30,"column":8},"end":{"line":30,"column":69}},"type":"if","locations":[{"start":{"line":30,"column":8},"end":{"line":30,"column":69}},{"start":{},"end":{}}],"line":30},"6":{"loc":{"start":{"line":33,"column":8},"end":{"line":33,"column":65}},"type":"if","locations":[{"start":{"line":33,"column":8},"end":{"line":33,"column":65}},{"start":{},"end":{}}],"line":33},"7":{"loc":{"start":{"line":39,"column":11},"end":{"line":42,"column":12}},"type":"binary-expr","locations":[{"start":{"line":39,"column":11},"end":{"line":39,"column":45}},{"start":{"line":40,"column":10},"end":{"line":42,"column":12}}],"line":39},"8":{"loc":{"start":{"line":45,"column":25},"end":{"line":45,"column":71}},"type":"binary-expr","locations":[{"start":{"line":45,"column":25},"end":{"line":45,"column":50}},{"start":{"line":45,"column":54},"end":{"line":45,"column":71}}],"line":45},"9":{"loc":{"start":{"line":48,"column":11},"end":{"line":50,"column":55}},"type":"binary-expr","locations":[{"start":{"line":48,"column":11},"end":{"line":48,"column":36}},{"start":{"line":49,"column":13},"end":{"line":49,"column":31}},{"start":{"line":49,"column":35},"end":{"line":49,"column":69}},{"start":{"line":50,"column":13},"end":{"line":50,"column":31}},{"start":{"line":50,"column":35},"end":{"line":50,"column":54}}],"line":48},"10":{"loc":{"start":{"line":54,"column":11},"end":{"line":55,"column":67}},"type":"binary-expr","locations":[{"start":{"line":54,"column":11},"end":{"line":54,"column":35}},{"start":{"line":55,"column":13},"end":{"line":55,"column":30}},{"start":{"line":55,"column":34},"end":{"line":55,"column":66}}],"line":54}},"s":{"0":1,"1":115,"2":115,"3":375,"4":375,"5":375,"6":2,"7":373,"8":103,"9":102,"10":1,"11":101,"12":80,"13":21,"14":81,"15":80,"16":1,"17":81,"18":80,"19":1,"20":7,"21":6,"22":1,"23":102,"24":400,"25":103,"26":101,"27":81,"28":81,"29":1},"f":{"0":115,"1":375,"2":375,"3":102,"4":400,"5":103,"6":101,"7":81,"8":81},"b":{"0":[2,373],"1":[103,101,81,81,7],"2":[102,1],"3":[80,21],"4":[80,1],"5":[80,1],"6":[6,1],"7":[102,100],"8":[103,102],"9":[101,80,42,80,80],"10":[81,80,42]},"_coverageSchema":"1a1c01bbd47fc00a2c39e90264f33305004495a9","hash":"78eef93b01064f985b726a6feaba77bed1ee98c3"}
}
