TN:
SF:todoApp.js
FN:4,(anonymous_0)
FN:12,(anonymous_1)
FN:23,(anonymous_2)
FN:26,(anonymous_3)
FN:29,(anonymous_4)
FN:30,(anonymous_5)
FN:34,(anonymous_6)
FN:35,(anonymous_7)
FN:40,(anonymous_8)
FN:41,(anonymous_9)
FN:44,(anonymous_10)
FN:49,(anonymous_11)
FN:53,(anonymous_12)
FN:72,(anonymous_13)
FN:84,(anonymous_14)
FN:105,(anonymous_15)
FN:106,(anonymous_16)
FN:112,(anonymous_17)
FN:115,(anonymous_18)
FN:122,(anonymous_19)
FN:126,(anonymous_20)
FN:127,(anonymous_21)
FN:132,(anonymous_22)
FN:133,(anonymous_23)
FN:138,(anonymous_24)
FN:140,(anonymous_25)
FNF:26
FNH:26
FNDA:80,(anonymous_0)
FNDA:16,(anonymous_1)
FNDA:1,(anonymous_2)
FNDA:80,(anonymous_3)
FNDA:116,(anonymous_4)
FNDA:120,(anonymous_5)
FNDA:79,(anonymous_6)
FNDA:115,(anonymous_7)
FNDA:88,(anonymous_8)
FNDA:94,(anonymous_9)
FNDA:79,(anonymous_10)
FNDA:25,(anonymous_11)
FNDA:102,(anonymous_12)
FNDA:80,(anonymous_13)
FNDA:16,(anonymous_14)
FNDA:15,(anonymous_15)
FNDA:15,(anonymous_16)
FNDA:40,(anonymous_17)
FNDA:122,(anonymous_18)
FNDA:3,(anonymous_19)
FNDA:1,(anonymous_20)
FNDA:4,(anonymous_21)
FNDA:4,(anonymous_22)
FNDA:16,(anonymous_23)
FNDA:1,(anonymous_24)
FNDA:1,(anonymous_25)
DA:1,1
DA:5,80
DA:6,80
DA:7,80
DA:8,80
DA:9,80
DA:13,16
DA:14,4
DA:15,12
DA:16,4
DA:18,8
DA:23,1
DA:24,1
DA:26,1
DA:27,80
DA:29,80
DA:30,120
DA:34,1
DA:35,115
DA:36,79
DA:37,79
DA:40,1
DA:41,94
DA:44,1
DA:45,79
DA:48,1
DA:50,25
DA:53,25
DA:54,102
DA:57,79
DA:58,79
DA:59,79
DA:60,79
DA:61,79
DA:63,23
DA:67,25
DA:68,22
DA:73,80
DA:75,80
DA:76,79
DA:77,79
DA:78,79
DA:80,1
DA:85,16
DA:86,1
DA:87,1
DA:90,15
DA:91,7
DA:92,7
DA:95,8
DA:97,8
DA:98,7
DA:99,7
DA:101,1
DA:106,15
DA:107,15
DA:108,15
DA:109,15
DA:113,40
DA:114,40
DA:115,122
DA:116,40
DA:121,1
DA:123,3
DA:127,4
DA:129,1
DA:133,4
DA:134,16
DA:139,1
DA:140,1
DA:142,1
DA:146,1
LF:72
LH:72
BRDA:13,0,0,4
BRDA:13,0,1,12
BRDA:15,1,0,4
BRDA:15,1,1,8
BRDA:18,2,0,8
BRDA:18,2,1,4
BRDA:36,3,0,21
BRDA:36,3,1,58
BRDA:54,4,0,79
BRDA:54,4,1,23
BRDA:54,5,0,102
BRDA:54,5,1,100
BRDA:54,5,2,80
BRDA:67,6,0,22
BRDA:67,6,1,3
BRDA:75,7,0,79
BRDA:75,7,1,1
BRDA:85,8,0,1
BRDA:85,8,1,15
BRDA:85,9,0,16
BRDA:85,9,1,16
BRDA:90,10,0,7
BRDA:90,10,1,8
BRDA:97,11,0,7
BRDA:97,11,1,1
BRF:25
BRH:25
end_of_record
TN:
SF:assets/appData.js
FNF:0
FNH:0
DA:1,1
DA:8,1
DA:15,1
DA:22,1
DA:29,1
DA:36,1
DA:38,1
LF:7
LH:7
BRF:0
BRH:0
end_of_record
TN:
SF:assets/validation.js
FN:2,(anonymous_0)
FN:5,(anonymous_1)
FN:10,(anonymous_2)
FN:38,(anonymous_3)
FN:40,(anonymous_4)
FN:45,(anonymous_5)
FN:47,(anonymous_6)
FN:53,(anonymous_7)
FN:58,(anonymous_8)
FNF:9
FNH:9
FNDA:115,(anonymous_0)
FNDA:375,(anonymous_1)
FNDA:375,(anonymous_2)
FNDA:102,(anonymous_3)
FNDA:400,(anonymous_4)
FNDA:103,(anonymous_5)
FNDA:101,(anonymous_6)
FNDA:81,(anonymous_7)
FNDA:81,(anonymous_8)
DA:1,1
DA:3,115
DA:5,115
DA:6,375
DA:11,375
DA:17,375
DA:19,373
DA:21,103
DA:22,1
DA:24,101
DA:25,21
DA:27,81
DA:28,1
DA:30,81
DA:31,1
DA:33,7
DA:34,1
DA:39,102
DA:41,400
DA:45,103
DA:48,101
DA:54,81
DA:58,81
DA:61,1
LF:24
LH:24
BRDA:17,0,0,2
BRDA:17,0,1,373
BRDA:19,1,0,103
BRDA:19,1,1,101
BRDA:19,1,2,81
BRDA:19,1,3,81
BRDA:19,1,4,7
BRDA:21,2,0,102
BRDA:21,2,1,1
BRDA:24,3,0,80
BRDA:24,3,1,21
BRDA:27,4,0,80
BRDA:27,4,1,1
BRDA:30,5,0,80
BRDA:30,5,1,1
BRDA:33,6,0,6
BRDA:33,6,1,1
BRDA:39,7,0,102
BRDA:39,7,1,100
BRDA:45,8,0,103
BRDA:45,8,1,102
BRDA:48,9,0,101
BRDA:48,9,1,80
BRDA:48,9,2,42
BRDA:48,9,3,80
BRDA:48,9,4,80
BRDA:54,10,0,81
BRDA:54,10,1,80
BRDA:54,10,2,42
BRF:29
BRH:29
end_of_record
