<?xml version="1.0" encoding="UTF-8"?>
<coverage generated="1716387031622" clover="3.2.0">
  <project timestamp="1716387031622" name="All files">
    <metrics statements="109" coveredstatements="109" conditionals="54" coveredconditionals="54" methods="35" coveredmethods="35" elements="198" coveredelements="198" complexity="0" loc="109" ncloc="109" packages="1" files="2" classes="2"/>
    <file name="appData.js" path="/home/jdfortune/Desktop/LaunchSchool/JS225/todoApp/appData.js">
      <metrics statements="7" coveredstatements="7" conditionals="0" coveredconditionals="0" methods="0" coveredmethods="0"/>
      <line num="1" count="1" type="stmt"/>
      <line num="8" count="1" type="stmt"/>
      <line num="15" count="1" type="stmt"/>
      <line num="22" count="1" type="stmt"/>
      <line num="29" count="1" type="stmt"/>
      <line num="36" count="1" type="stmt"/>
      <line num="38" count="1" type="stmt"/>
    </file>
    <file name="todoApp.js" path="/home/jdfortune/Desktop/LaunchSchool/JS225/todoApp/todoApp.js">
      <metrics statements="102" coveredstatements="102" conditionals="54" coveredconditionals="54" methods="35" coveredmethods="35"/>
      <line num="1" count="1" type="stmt"/>
      <line num="5" count="84" type="stmt"/>
      <line num="6" count="84" type="stmt"/>
      <line num="7" count="84" type="stmt"/>
      <line num="8" count="84" type="stmt"/>
      <line num="9" count="84" type="stmt"/>
      <line num="13" count="16" type="cond" truecount="2" falsecount="0"/>
      <line num="14" count="4" type="stmt"/>
      <line num="15" count="12" type="cond" truecount="2" falsecount="0"/>
      <line num="16" count="4" type="stmt"/>
      <line num="18" count="8" type="cond" truecount="2" falsecount="0"/>
      <line num="23" count="1" type="stmt"/>
      <line num="24" count="1" type="stmt"/>
      <line num="26" count="1" type="stmt"/>
      <line num="27" count="121" type="stmt"/>
      <line num="29" count="121" type="stmt"/>
      <line num="30" count="394" type="stmt"/>
      <line num="34" count="1" type="stmt"/>
      <line num="35" count="394" type="stmt"/>
      <line num="41" count="394" type="cond" truecount="2" falsecount="0"/>
      <line num="43" count="391" type="cond" truecount="5" falsecount="0"/>
      <line num="45" count="108" type="cond" truecount="2" falsecount="0"/>
      <line num="46" count="1" type="stmt"/>
      <line num="48" count="106" type="cond" truecount="2" falsecount="0"/>
      <line num="49" count="22" type="stmt"/>
      <line num="51" count="85" type="cond" truecount="2" falsecount="0"/>
      <line num="52" count="1" type="stmt"/>
      <line num="54" count="85" type="cond" truecount="2" falsecount="0"/>
      <line num="55" count="1" type="stmt"/>
      <line num="57" count="7" type="cond" truecount="2" falsecount="0"/>
      <line num="58" count="1" type="stmt"/>
      <line num="62" count="1" type="stmt"/>
      <line num="63" count="107" type="cond" truecount="2" falsecount="0"/>
      <line num="65" count="420" type="stmt"/>
      <line num="69" count="108" type="cond" truecount="2" falsecount="0"/>
      <line num="71" count="1" type="stmt"/>
      <line num="72" count="106" type="cond" truecount="5" falsecount="0"/>
      <line num="77" count="1" type="stmt"/>
      <line num="78" count="85" type="cond" truecount="3" falsecount="0"/>
      <line num="82" count="85" type="stmt"/>
      <line num="84" count="1" type="stmt"/>
      <line num="85" count="84" type="stmt"/>
      <line num="87" count="84" type="stmt"/>
      <line num="88" count="126" type="stmt"/>
      <line num="92" count="1" type="stmt"/>
      <line num="93" count="121" type="stmt"/>
      <line num="94" count="83" type="cond" truecount="2" falsecount="0"/>
      <line num="95" count="83" type="stmt"/>
      <line num="98" count="1" type="stmt"/>
      <line num="99" count="98" type="stmt"/>
      <line num="102" count="1" type="stmt"/>
      <line num="103" count="83" type="stmt"/>
      <line num="106" count="1" type="stmt"/>
      <line num="108" count="26" type="stmt"/>
      <line num="111" count="26" type="stmt"/>
      <line num="112" count="107" type="cond" truecount="5" falsecount="0"/>
      <line num="115" count="83" type="stmt"/>
      <line num="116" count="83" type="stmt"/>
      <line num="117" count="83" type="stmt"/>
      <line num="118" count="83" type="stmt"/>
      <line num="119" count="83" type="stmt"/>
      <line num="121" count="24" type="stmt"/>
      <line num="125" count="26" type="cond" truecount="2" falsecount="0"/>
      <line num="126" count="23" type="stmt"/>
      <line num="131" count="84" type="stmt"/>
      <line num="133" count="84" type="cond" truecount="2" falsecount="0"/>
      <line num="134" count="83" type="stmt"/>
      <line num="135" count="83" type="stmt"/>
      <line num="136" count="83" type="stmt"/>
      <line num="138" count="1" type="stmt"/>
      <line num="143" count="17" type="cond" truecount="4" falsecount="0"/>
      <line num="144" count="1" type="stmt"/>
      <line num="145" count="1" type="stmt"/>
      <line num="148" count="16" type="cond" truecount="2" falsecount="0"/>
      <line num="149" count="8" type="stmt"/>
      <line num="150" count="8" type="stmt"/>
      <line num="153" count="8" type="stmt"/>
      <line num="155" count="8" type="cond" truecount="2" falsecount="0"/>
      <line num="156" count="7" type="stmt"/>
      <line num="157" count="7" type="stmt"/>
      <line num="159" count="1" type="stmt"/>
      <line num="164" count="15" type="stmt"/>
      <line num="165" count="15" type="stmt"/>
      <line num="166" count="15" type="stmt"/>
      <line num="167" count="15" type="stmt"/>
      <line num="171" count="41" type="stmt"/>
      <line num="172" count="41" type="stmt"/>
      <line num="173" count="130" type="stmt"/>
      <line num="174" count="41" type="stmt"/>
      <line num="179" count="1" type="stmt"/>
      <line num="181" count="3" type="stmt"/>
      <line num="185" count="4" type="stmt"/>
      <line num="187" count="1" type="stmt"/>
      <line num="191" count="4" type="stmt"/>
      <line num="192" count="16" type="stmt"/>
      <line num="197" count="1" type="stmt"/>
      <line num="198" count="1" type="stmt"/>
      <line num="200" count="1" type="stmt"/>
      <line num="204" count="1" type="stmt"/>
      <line num="206" count="1" type="stmt"/>
      <line num="208" count="1" type="stmt"/>
      <line num="210" count="1" type="stmt"/>
    </file>
  </project>
</coverage>
