{"/home/jdfortune/Desktop/LaunchSchool/JS225/todoApp/appData.js": {"path":"/home/jdfortune/Desktop/LaunchSchool/JS225/todoApp/appData.js","statementMap":{"0":{"start":{"line":1,"column":16},"end":{"line":6,"column":1}},"1":{"start":{"line":8,"column":16},"end":{"line":13,"column":1}},"2":{"start":{"line":15,"column":16},"end":{"line":20,"column":1}},"3":{"start":{"line":22,"column":16},"end":{"line":27,"column":1}},"4":{"start":{"line":29,"column":14},"end":{"line":34,"column":1}},"5":{"start":{"line":36,"column":14},"end":{"line":36,"column":67}},"6":{"start":{"line":38,"column":0},"end":{"line":38,"column":25}}},"fnMap":{},"branchMap":{},"s":{"0":1,"1":1,"2":1,"3":1,"4":1,"5":1,"6":1},"f":{},"b":{},"_coverageSchema":"1a1c01bbd47fc00a2c39e90264f33305004495a9","hash":"d10ff4ba41705256f566fd97c478a1e656d9d1e0"}
,"/home/jdfortune/Desktop/LaunchSchool/JS225/todoApp/todoApp.js": {"path":"/home/jdfortune/Desktop/LaunchSchool/JS225/todoApp/todoApp.js","statementMap":{"0":{"start":{"line":1,"column":16},"end":{"line":1,"column":39}},"1":{"start":{"line":5,"column":4},"end":{"line":5,"column":32}},"2":{"start":{"line":6,"column":4},"end":{"line":6,"column":32}},"3":{"start":{"line":7,"column":4},"end":{"line":7,"column":30}},"4":{"start":{"line":8,"column":4},"end":{"line":8,"column":44}},"5":{"start":{"line":9,"column":4},"end":{"line":9,"column":27}},"6":{"start":{"line":13,"column":4},"end":{"line":19,"column":5}},"7":{"start":{"line":14,"column":6},"end":{"line":14,"column":34}},"8":{"start":{"line":15,"column":11},"end":{"line":19,"column":5}},"9":{"start":{"line":16,"column":6},"end":{"line":16,"column":32}},"10":{"start":{"line":18,"column":6},"end":{"line":18,"column":56}},"11":{"start":{"line":23,"column":15},"end":{"line":177,"column":3}},"12":{"start":{"line":24,"column":14},"end":{"line":24,"column":16}},"13":{"start":{"line":26,"column":24},"end":{"line":32,"column":3}},"14":{"start":{"line":27,"column":15},"end":{"line":27,"column":36}},"15":{"start":{"line":29,"column":4},"end":{"line":31,"column":7}},"16":{"start":{"line":30,"column":6},"end":{"line":30,"column":46}},"17":{"start":{"line":34,"column":28},"end":{"line":60,"column":3}},"18":{"start":{"line":35,"column":18},"end":{"line":39,"column":53}},"19":{"start":{"line":41,"column":4},"end":{"line":41,"column":30}},"20":{"start":{"line":41,"column":17},"end":{"line":41,"column":30}},"21":{"start":{"line":43,"column":4},"end":{"line":59,"column":5}},"22":{"start":{"line":45,"column":8},"end":{"line":45,"column":52}},"23":{"start":{"line":45,"column":40},"end":{"line":45,"column":52}},"24":{"start":{"line":46,"column":8},"end":{"line":46,"column":14}},"25":{"start":{"line":48,"column":8},"end":{"line":48,"column":52}},"26":{"start":{"line":48,"column":40},"end":{"line":48,"column":52}},"27":{"start":{"line":49,"column":8},"end":{"line":49,"column":14}},"28":{"start":{"line":51,"column":8},"end":{"line":51,"column":50}},"29":{"start":{"line":51,"column":38},"end":{"line":51,"column":50}},"30":{"start":{"line":52,"column":8},"end":{"line":52,"column":14}},"31":{"start":{"line":54,"column":8},"end":{"line":54,"column":64}},"32":{"start":{"line":54,"column":52},"end":{"line":54,"column":64}},"33":{"start":{"line":55,"column":8},"end":{"line":55,"column":14}},"34":{"start":{"line":57,"column":8},"end":{"line":57,"column":65}},"35":{"start":{"line":57,"column":53},"end":{"line":57,"column":65}},"36":{"start":{"line":58,"column":8},"end":{"line":58,"column":14}},"37":{"start":{"line":62,"column":26},"end":{"line":67,"column":3}},"38":{"start":{"line":63,"column":4},"end":{"line":66,"column":13}},"39":{"start":{"line":65,"column":12},"end":{"line":65,"column":48}},"40":{"start":{"line":69,"column":21},"end":{"line":69,"column":78}},"41":{"start":{"line":69,"column":32},"end":{"line":69,"column":78}},"42":{"start":{"line":71,"column":21},"end":{"line":75,"column":3}},"43":{"start":{"line":72,"column":4},"end":{"line":74,"column":56}},"44":{"start":{"line":77,"column":20},"end":{"line":80,"column":3}},"45":{"start":{"line":78,"column":4},"end":{"line":79,"column":68}},"46":{"start":{"line":82,"column":27},"end":{"line":82,"column":75}},"47":{"start":{"line":82,"column":44},"end":{"line":82,"column":75}},"48":{"start":{"line":84,"column":23},"end":{"line":90,"column":3}},"49":{"start":{"line":85,"column":15},"end":{"line":85,"column":36}},"50":{"start":{"line":87,"column":4},"end":{"line":89,"column":7}},"51":{"start":{"line":88,"column":6},"end":{"line":88,"column":59}},"52":{"start":{"line":88,"column":30},"end":{"line":88,"column":57}},"53":{"start":{"line":92,"column":27},"end":{"line":96,"column":3}},"54":{"start":{"line":93,"column":18},"end":{"line":93,"column":41}},"55":{"start":{"line":93,"column":38},"end":{"line":93,"column":40}},"56":{"start":{"line":94,"column":13},"end":{"line":94,"column":66}},"57":{"start":{"line":95,"column":4},"end":{"line":95,"column":14}},"58":{"start":{"line":98,"column":24},"end":{"line":100,"column":3}},"59":{"start":{"line":99,"column":4},"end":{"line":99,"column":47}},"60":{"start":{"line":99,"column":32},"end":{"line":99,"column":45}},"61":{"start":{"line":102,"column":23},"end":{"line":104,"column":3}},"62":{"start":{"line":103,"column":4},"end":{"line":103,"column":31}},"63":{"start":{"line":106,"column":2},"end":{"line":176,"column":4}},"64":{"start":{"line":108,"column":6},"end":{"line":108,"column":33}},"65":{"start":{"line":111,"column":6},"end":{"line":123,"column":9}},"66":{"start":{"line":112,"column":8},"end":{"line":122,"column":9}},"67":{"start":{"line":115,"column":19},"end":{"line":115,"column":37}},"68":{"start":{"line":116,"column":21},"end":{"line":116,"column":35}},"69":{"start":{"line":117,"column":10},"end":{"line":117,"column":23}},"70":{"start":{"line":118,"column":10},"end":{"line":118,"column":27}},"71":{"start":{"line":119,"column":10},"end":{"line":119,"column":62}},"72":{"start":{"line":121,"column":10},"end":{"line":121,"column":26}},"73":{"start":{"line":125,"column":6},"end":{"line":127,"column":7}},"74":{"start":{"line":126,"column":8},"end":{"line":126,"column":79}},"75":{"start":{"line":131,"column":17},"end":{"line":131,"column":38}},"76":{"start":{"line":133,"column":6},"end":{"line":139,"column":7}},"77":{"start":{"line":134,"column":18},"end":{"line":134,"column":36}},"78":{"start":{"line":135,"column":8},"end":{"line":135,"column":29}},"79":{"start":{"line":136,"column":8},"end":{"line":136,"column":62}},"80":{"start":{"line":138,"column":8},"end":{"line":138,"column":39}},"81":{"start":{"line":143,"column":6},"end":{"line":146,"column":7}},"82":{"start":{"line":144,"column":8},"end":{"line":144,"column":67}},"83":{"start":{"line":145,"column":8},"end":{"line":145,"column":15}},"84":{"start":{"line":148,"column":6},"end":{"line":151,"column":7}},"85":{"start":{"line":149,"column":8},"end":{"line":149,"column":69}},"86":{"start":{"line":150,"column":8},"end":{"line":150,"column":15}},"87":{"start":{"line":153,"column":17},"end":{"line":153,"column":38}},"88":{"start":{"line":155,"column":6},"end":{"line":160,"column":7}},"89":{"start":{"line":156,"column":8},"end":{"line":156,"column":41}},"90":{"start":{"line":157,"column":8},"end":{"line":157,"column":63}},"91":{"start":{"line":159,"column":8},"end":{"line":159,"column":41}},"92":{"start":{"line":164,"column":17},"end":{"line":164,"column":52}},"93":{"start":{"line":164,"column":38},"end":{"line":164,"column":51}},"94":{"start":{"line":165,"column":17},"end":{"line":165,"column":26}},"95":{"start":{"line":166,"column":6},"end":{"line":166,"column":38}},"96":{"start":{"line":167,"column":6},"end":{"line":167,"column":18}},"97":{"start":{"line":171,"column":28},"end":{"line":171,"column":49}},"98":{"start":{"line":172,"column":17},"end":{"line":172,"column":44}},"99":{"start":{"line":173,"column":6},"end":{"line":173,"column":60}},"100":{"start":{"line":173,"column":27},"end":{"line":173,"column":58}},"101":{"start":{"line":174,"column":6},"end":{"line":174,"column":18}},"102":{"start":{"line":179,"column":20},"end":{"line":202,"column":1}},"103":{"start":{"line":181,"column":4},"end":{"line":181,"column":28}},"104":{"start":{"line":185,"column":25},"end":{"line":185,"column":72}},"105":{"start":{"line":185,"column":57},"end":{"line":185,"column":71}},"106":{"start":{"line":187,"column":4},"end":{"line":187,"column":26}},"107":{"start":{"line":191,"column":4},"end":{"line":193,"column":7}},"108":{"start":{"line":192,"column":6},"end":{"line":192,"column":49}},"109":{"start":{"line":197,"column":25},"end":{"line":198,"column":60}},"110":{"start":{"line":198,"column":45},"end":{"line":198,"column":59}},"111":{"start":{"line":200,"column":4},"end":{"line":200,"column":26}},"112":{"start":{"line":204,"column":0},"end":{"line":204,"column":22}},"113":{"start":{"line":206,"column":0},"end":{"line":206,"column":41}},"114":{"start":{"line":208,"column":0},"end":{"line":208,"column":30}},"115":{"start":{"line":210,"column":0},"end":{"line":214,"column":1}}},"fnMap":{"0":{"name":"(anonymous_0)","decl":{"start":{"line":4,"column":2},"end":{"line":4,"column":3}},"loc":{"start":{"line":4,"column":24},"end":{"line":10,"column":3}},"line":4},"1":{"name":"(anonymous_1)","decl":{"start":{"line":12,"column":2},"end":{"line":12,"column":3}},"loc":{"start":{"line":12,"column":33},"end":{"line":20,"column":3}},"line":12},"2":{"name":"(anonymous_2)","decl":{"start":{"line":23,"column":15},"end":{"line":23,"column":16}},"loc":{"start":{"line":23,"column":26},"end":{"line":177,"column":1}},"line":23},"3":{"name":"(anonymous_3)","decl":{"start":{"line":26,"column":24},"end":{"line":26,"column":25}},"loc":{"start":{"line":26,"column":38},"end":{"line":32,"column":3}},"line":26},"4":{"name":"(anonymous_4)","decl":{"start":{"line":29,"column":22},"end":{"line":29,"column":23}},"loc":{"start":{"line":29,"column":29},"end":{"line":31,"column":5}},"line":29},"5":{"name":"(anonymous_5)","decl":{"start":{"line":34,"column":28},"end":{"line":34,"column":29}},"loc":{"start":{"line":34,"column":52},"end":{"line":60,"column":3}},"line":34},"6":{"name":"(anonymous_6)","decl":{"start":{"line":62,"column":26},"end":{"line":62,"column":27}},"loc":{"start":{"line":62,"column":40},"end":{"line":67,"column":3}},"line":62},"7":{"name":"(anonymous_7)","decl":{"start":{"line":64,"column":58},"end":{"line":64,"column":59}},"loc":{"start":{"line":64,"column":65},"end":{"line":66,"column":11}},"line":64},"8":{"name":"(anonymous_8)","decl":{"start":{"line":69,"column":21},"end":{"line":69,"column":22}},"loc":{"start":{"line":69,"column":32},"end":{"line":69,"column":78}},"line":69},"9":{"name":"(anonymous_9)","decl":{"start":{"line":71,"column":21},"end":{"line":71,"column":22}},"loc":{"start":{"line":71,"column":32},"end":{"line":75,"column":3}},"line":71},"10":{"name":"(anonymous_10)","decl":{"start":{"line":77,"column":20},"end":{"line":77,"column":21}},"loc":{"start":{"line":77,"column":30},"end":{"line":80,"column":3}},"line":77},"11":{"name":"(anonymous_11)","decl":{"start":{"line":82,"column":27},"end":{"line":82,"column":28}},"loc":{"start":{"line":82,"column":44},"end":{"line":82,"column":75}},"line":82},"12":{"name":"(anonymous_12)","decl":{"start":{"line":84,"column":23},"end":{"line":84,"column":24}},"loc":{"start":{"line":84,"column":37},"end":{"line":90,"column":3}},"line":84},"13":{"name":"(anonymous_13)","decl":{"start":{"line":87,"column":23},"end":{"line":87,"column":24}},"loc":{"start":{"line":87,"column":31},"end":{"line":89,"column":5}},"line":87},"14":{"name":"(anonymous_14)","decl":{"start":{"line":88,"column":23},"end":{"line":88,"column":24}},"loc":{"start":{"line":88,"column":30},"end":{"line":88,"column":57}},"line":88},"15":{"name":"(anonymous_15)","decl":{"start":{"line":92,"column":27},"end":{"line":92,"column":28}},"loc":{"start":{"line":92,"column":33},"end":{"line":96,"column":3}},"line":92},"16":{"name":"(anonymous_16)","decl":{"start":{"line":93,"column":28},"end":{"line":93,"column":29}},"loc":{"start":{"line":93,"column":38},"end":{"line":93,"column":40}},"line":93},"17":{"name":"(anonymous_17)","decl":{"start":{"line":98,"column":24},"end":{"line":98,"column":25}},"loc":{"start":{"line":98,"column":36},"end":{"line":100,"column":3}},"line":98},"18":{"name":"(anonymous_18)","decl":{"start":{"line":99,"column":22},"end":{"line":99,"column":23}},"loc":{"start":{"line":99,"column":32},"end":{"line":99,"column":45}},"line":99},"19":{"name":"(anonymous_19)","decl":{"start":{"line":102,"column":23},"end":{"line":102,"column":24}},"loc":{"start":{"line":102,"column":33},"end":{"line":104,"column":3}},"line":102},"20":{"name":"(anonymous_20)","decl":{"start":{"line":107,"column":4},"end":{"line":107,"column":5}},"loc":{"start":{"line":107,"column":21},"end":{"line":128,"column":5}},"line":107},"21":{"name":"(anonymous_21)","decl":{"start":{"line":111,"column":23},"end":{"line":111,"column":24}},"loc":{"start":{"line":111,"column":31},"end":{"line":123,"column":7}},"line":111},"22":{"name":"(anonymous_22)","decl":{"start":{"line":130,"column":4},"end":{"line":130,"column":5}},"loc":{"start":{"line":130,"column":19},"end":{"line":140,"column":5}},"line":130},"23":{"name":"(anonymous_23)","decl":{"start":{"line":142,"column":4},"end":{"line":142,"column":5}},"loc":{"start":{"line":142,"column":32},"end":{"line":161,"column":5}},"line":142},"24":{"name":"(anonymous_24)","decl":{"start":{"line":163,"column":4},"end":{"line":163,"column":5}},"loc":{"start":{"line":163,"column":20},"end":{"line":168,"column":5}},"line":163},"25":{"name":"(anonymous_25)","decl":{"start":{"line":164,"column":28},"end":{"line":164,"column":29}},"loc":{"start":{"line":164,"column":38},"end":{"line":164,"column":51}},"line":164},"26":{"name":"(anonymous_26)","decl":{"start":{"line":170,"column":4},"end":{"line":170,"column":5}},"loc":{"start":{"line":170,"column":12},"end":{"line":175,"column":5}},"line":170},"27":{"name":"(anonymous_27)","decl":{"start":{"line":173,"column":19},"end":{"line":173,"column":20}},"loc":{"start":{"line":173,"column":27},"end":{"line":173,"column":58}},"line":173},"28":{"name":"(anonymous_28)","decl":{"start":{"line":180,"column":2},"end":{"line":180,"column":3}},"loc":{"start":{"line":180,"column":13},"end":{"line":182,"column":3}},"line":180},"29":{"name":"(anonymous_29)","decl":{"start":{"line":184,"column":2},"end":{"line":184,"column":3}},"loc":{"start":{"line":184,"column":19},"end":{"line":188,"column":3}},"line":184},"30":{"name":"(anonymous_30)","decl":{"start":{"line":185,"column":49},"end":{"line":185,"column":50}},"loc":{"start":{"line":185,"column":57},"end":{"line":185,"column":71}},"line":185},"31":{"name":"(anonymous_31)","decl":{"start":{"line":190,"column":2},"end":{"line":190,"column":3}},"loc":{"start":{"line":190,"column":28},"end":{"line":194,"column":3}},"line":190},"32":{"name":"(anonymous_32)","decl":{"start":{"line":191,"column":35},"end":{"line":191,"column":36}},"loc":{"start":{"line":191,"column":43},"end":{"line":193,"column":5}},"line":191},"33":{"name":"(anonymous_33)","decl":{"start":{"line":196,"column":2},"end":{"line":196,"column":3}},"loc":{"start":{"line":196,"column":37},"end":{"line":201,"column":3}},"line":196},"34":{"name":"(anonymous_34)","decl":{"start":{"line":198,"column":37},"end":{"line":198,"column":38}},"loc":{"start":{"line":198,"column":45},"end":{"line":198,"column":59}},"line":198}},"branchMap":{"0":{"loc":{"start":{"line":13,"column":4},"end":{"line":19,"column":5}},"type":"if","locations":[{"start":{"line":13,"column":4},"end":{"line":19,"column":5}},{"start":{"line":15,"column":11},"end":{"line":19,"column":5}}],"line":13},"1":{"loc":{"start":{"line":15,"column":11},"end":{"line":19,"column":5}},"type":"if","locations":[{"start":{"line":15,"column":11},"end":{"line":19,"column":5}},{"start":{"line":17,"column":11},"end":{"line":19,"column":5}}],"line":15},"2":{"loc":{"start":{"line":18,"column":13},"end":{"line":18,"column":55}},"type":"binary-expr","locations":[{"start":{"line":18,"column":13},"end":{"line":18,"column":33}},{"start":{"line":18,"column":37},"end":{"line":18,"column":55}}],"line":18},"3":{"loc":{"start":{"line":41,"column":4},"end":{"line":41,"column":30}},"type":"if","locations":[{"start":{"line":41,"column":4},"end":{"line":41,"column":30}},{"start":{},"end":{}}],"line":41},"4":{"loc":{"start":{"line":43,"column":4},"end":{"line":59,"column":5}},"type":"switch","locations":[{"start":{"line":44,"column":6},"end":{"line":46,"column":14}},{"start":{"line":47,"column":6},"end":{"line":49,"column":14}},{"start":{"line":50,"column":6},"end":{"line":52,"column":14}},{"start":{"line":53,"column":6},"end":{"line":55,"column":14}},{"start":{"line":56,"column":6},"end":{"line":58,"column":14}}],"line":43},"5":{"loc":{"start":{"line":45,"column":8},"end":{"line":45,"column":52}},"type":"if","locations":[{"start":{"line":45,"column":8},"end":{"line":45,"column":52}},{"start":{},"end":{}}],"line":45},"6":{"loc":{"start":{"line":48,"column":8},"end":{"line":48,"column":52}},"type":"if","locations":[{"start":{"line":48,"column":8},"end":{"line":48,"column":52}},{"start":{},"end":{}}],"line":48},"7":{"loc":{"start":{"line":51,"column":8},"end":{"line":51,"column":50}},"type":"if","locations":[{"start":{"line":51,"column":8},"end":{"line":51,"column":50}},{"start":{},"end":{}}],"line":51},"8":{"loc":{"start":{"line":54,"column":8},"end":{"line":54,"column":64}},"type":"if","locations":[{"start":{"line":54,"column":8},"end":{"line":54,"column":64}},{"start":{},"end":{}}],"line":54},"9":{"loc":{"start":{"line":57,"column":8},"end":{"line":57,"column":65}},"type":"if","locations":[{"start":{"line":57,"column":8},"end":{"line":57,"column":65}},{"start":{},"end":{}}],"line":57},"10":{"loc":{"start":{"line":63,"column":11},"end":{"line":66,"column":12}},"type":"binary-expr","locations":[{"start":{"line":63,"column":11},"end":{"line":63,"column":45}},{"start":{"line":64,"column":10},"end":{"line":66,"column":12}}],"line":63},"11":{"loc":{"start":{"line":69,"column":32},"end":{"line":69,"column":78}},"type":"binary-expr","locations":[{"start":{"line":69,"column":32},"end":{"line":69,"column":57}},{"start":{"line":69,"column":61},"end":{"line":69,"column":78}}],"line":69},"12":{"loc":{"start":{"line":72,"column":11},"end":{"line":74,"column":55}},"type":"binary-expr","locations":[{"start":{"line":72,"column":11},"end":{"line":72,"column":36}},{"start":{"line":73,"column":13},"end":{"line":73,"column":31}},{"start":{"line":73,"column":35},"end":{"line":73,"column":69}},{"start":{"line":74,"column":13},"end":{"line":74,"column":31}},{"start":{"line":74,"column":35},"end":{"line":74,"column":54}}],"line":72},"13":{"loc":{"start":{"line":78,"column":11},"end":{"line":79,"column":67}},"type":"binary-expr","locations":[{"start":{"line":78,"column":11},"end":{"line":78,"column":35}},{"start":{"line":79,"column":13},"end":{"line":79,"column":30}},{"start":{"line":79,"column":34},"end":{"line":79,"column":66}}],"line":78},"14":{"loc":{"start":{"line":94,"column":13},"end":{"line":94,"column":66}},"type":"cond-expr","locations":[{"start":{"line":94,"column":36},"end":{"line":94,"column":37}},{"start":{"line":94,"column":41},"end":{"line":94,"column":65}}],"line":94},"15":{"loc":{"start":{"line":112,"column":8},"end":{"line":122,"column":9}},"type":"if","locations":[{"start":{"line":112,"column":8},"end":{"line":122,"column":9}},{"start":{"line":120,"column":15},"end":{"line":122,"column":9}}],"line":112},"16":{"loc":{"start":{"line":112,"column":12},"end":{"line":114,"column":30}},"type":"binary-expr","locations":[{"start":{"line":112,"column":12},"end":{"line":112,"column":33}},{"start":{"line":113,"column":12},"end":{"line":113,"column":31}},{"start":{"line":114,"column":12},"end":{"line":114,"column":30}}],"line":112},"17":{"loc":{"start":{"line":125,"column":6},"end":{"line":127,"column":7}},"type":"if","locations":[{"start":{"line":125,"column":6},"end":{"line":127,"column":7}},{"start":{},"end":{}}],"line":125},"18":{"loc":{"start":{"line":133,"column":6},"end":{"line":139,"column":7}},"type":"if","locations":[{"start":{"line":133,"column":6},"end":{"line":139,"column":7}},{"start":{"line":137,"column":13},"end":{"line":139,"column":7}}],"line":133},"19":{"loc":{"start":{"line":143,"column":6},"end":{"line":146,"column":7}},"type":"if","locations":[{"start":{"line":143,"column":6},"end":{"line":146,"column":7}},{"start":{},"end":{}}],"line":143},"20":{"loc":{"start":{"line":143,"column":10},"end":{"line":143,"column":65}},"type":"binary-expr","locations":[{"start":{"line":143,"column":10},"end":{"line":143,"column":30}},{"start":{"line":143,"column":34},"end":{"line":143,"column":65}}],"line":143},"21":{"loc":{"start":{"line":148,"column":6},"end":{"line":151,"column":7}},"type":"if","locations":[{"start":{"line":148,"column":6},"end":{"line":151,"column":7}},{"start":{},"end":{}}],"line":148},"22":{"loc":{"start":{"line":155,"column":6},"end":{"line":160,"column":7}},"type":"if","locations":[{"start":{"line":155,"column":6},"end":{"line":160,"column":7}},{"start":{"line":158,"column":13},"end":{"line":160,"column":7}}],"line":155}},"s":{"0":1,"1":84,"2":84,"3":84,"4":84,"5":84,"6":16,"7":4,"8":12,"9":4,"10":8,"11":1,"12":1,"13":1,"14":121,"15":121,"16":394,"17":1,"18":394,"19":394,"20":3,"21":391,"22":108,"23":107,"24":1,"25":106,"26":84,"27":22,"28":85,"29":84,"30":1,"31":85,"32":84,"33":1,"34":7,"35":6,"36":1,"37":1,"38":107,"39":420,"40":1,"41":108,"42":1,"43":106,"44":1,"45":85,"46":1,"47":85,"48":1,"49":84,"50":84,"51":122,"52":126,"53":1,"54":83,"55":121,"56":83,"57":83,"58":1,"59":92,"60":98,"61":1,"62":83,"63":1,"64":26,"65":26,"66":107,"67":83,"68":83,"69":83,"70":83,"71":83,"72":24,"73":26,"74":23,"75":84,"76":84,"77":83,"78":83,"79":83,"80":1,"81":17,"82":1,"83":1,"84":16,"85":8,"86":8,"87":8,"88":8,"89":7,"90":7,"91":1,"92":15,"93":15,"94":15,"95":15,"96":15,"97":41,"98":41,"99":41,"100":130,"101":41,"102":1,"103":3,"104":1,"105":4,"106":1,"107":4,"108":16,"109":1,"110":1,"111":1,"112":1,"113":1,"114":1,"115":1},"f":{"0":84,"1":16,"2":1,"3":121,"4":394,"5":394,"6":107,"7":420,"8":108,"9":106,"10":85,"11":85,"12":84,"13":122,"14":126,"15":83,"16":121,"17":92,"18":98,"19":83,"20":26,"21":107,"22":84,"23":17,"24":15,"25":15,"26":41,"27":130,"28":3,"29":1,"30":4,"31":4,"32":16,"33":1,"34":1},"b":{"0":[4,12],"1":[4,8],"2":[8,4],"3":[3,391],"4":[108,106,85,85,7],"5":[107,1],"6":[84,22],"7":[84,1],"8":[84,1],"9":[6,1],"10":[107,105],"11":[108,107],"12":[106,84,44,84,84],"13":[85,84,44],"14":[22,61],"15":[83,24],"16":[107,105,84],"17":[23,3],"18":[83,1],"19":[1,16],"20":[17,17],"21":[8,8],"22":[7,1]},"_coverageSchema":"1a1c01bbd47fc00a2c39e90264f33305004495a9","hash":"437842d2a1746d5a95cd9388cda6a537846413f3"}
}
