TN:
SF:appData.js
FNF:0
FNH:0
DA:1,1
DA:8,1
DA:15,1
DA:22,1
DA:29,1
DA:36,1
DA:38,1
LF:7
LH:7
BRF:0
BRH:0
end_of_record
TN:
SF:todoApp.js
FN:4,(anonymous_0)
FN:12,(anonymous_1)
FN:23,(anonymous_2)
FN:26,(anonymous_3)
FN:29,(anonymous_4)
FN:34,(anonymous_5)
FN:62,(anonymous_6)
FN:64,(anonymous_7)
FN:69,(anonymous_8)
FN:71,(anonymous_9)
FN:77,(anonymous_10)
FN:82,(anonymous_11)
FN:84,(anonymous_12)
FN:87,(anonymous_13)
FN:88,(anonymous_14)
FN:92,(anonymous_15)
FN:93,(anonymous_16)
FN:98,(anonymous_17)
FN:99,(anonymous_18)
FN:102,(anonymous_19)
FN:107,(anonymous_20)
FN:111,(anonymous_21)
FN:130,(anonymous_22)
FN:142,(anonymous_23)
FN:163,(anonymous_24)
FN:164,(anonymous_25)
FN:170,(anonymous_26)
FN:173,(anonymous_27)
FN:180,(anonymous_28)
FN:184,(anonymous_29)
FN:185,(anonymous_30)
FN:190,(anonymous_31)
FN:191,(anonymous_32)
FN:196,(anonymous_33)
FN:198,(anonymous_34)
FNF:35
FNH:35
FNDA:84,(anonymous_0)
FNDA:16,(anonymous_1)
FNDA:1,(anonymous_2)
FNDA:121,(anonymous_3)
FNDA:394,(anonymous_4)
FNDA:394,(anonymous_5)
FNDA:107,(anonymous_6)
FNDA:420,(anonymous_7)
FNDA:108,(anonymous_8)
FNDA:106,(anonymous_9)
FNDA:85,(anonymous_10)
FNDA:85,(anonymous_11)
FNDA:84,(anonymous_12)
FNDA:122,(anonymous_13)
FNDA:126,(anonymous_14)
FNDA:83,(anonymous_15)
FNDA:121,(anonymous_16)
FNDA:92,(anonymous_17)
FNDA:98,(anonymous_18)
FNDA:83,(anonymous_19)
FNDA:26,(anonymous_20)
FNDA:107,(anonymous_21)
FNDA:84,(anonymous_22)
FNDA:17,(anonymous_23)
FNDA:15,(anonymous_24)
FNDA:15,(anonymous_25)
FNDA:41,(anonymous_26)
FNDA:130,(anonymous_27)
FNDA:3,(anonymous_28)
FNDA:1,(anonymous_29)
FNDA:4,(anonymous_30)
FNDA:4,(anonymous_31)
FNDA:16,(anonymous_32)
FNDA:1,(anonymous_33)
FNDA:1,(anonymous_34)
DA:1,1
DA:5,84
DA:6,84
DA:7,84
DA:8,84
DA:9,84
DA:13,16
DA:14,4
DA:15,12
DA:16,4
DA:18,8
DA:23,1
DA:24,1
DA:26,1
DA:27,121
DA:29,121
DA:30,394
DA:34,1
DA:35,394
DA:41,394
DA:43,391
DA:45,108
DA:46,1
DA:48,106
DA:49,22
DA:51,85
DA:52,1
DA:54,85
DA:55,1
DA:57,7
DA:58,1
DA:62,1
DA:63,107
DA:65,420
DA:69,108
DA:71,1
DA:72,106
DA:77,1
DA:78,85
DA:82,85
DA:84,1
DA:85,84
DA:87,84
DA:88,126
DA:92,1
DA:93,121
DA:94,83
DA:95,83
DA:98,1
DA:99,98
DA:102,1
DA:103,83
DA:106,1
DA:108,26
DA:111,26
DA:112,107
DA:115,83
DA:116,83
DA:117,83
DA:118,83
DA:119,83
DA:121,24
DA:125,26
DA:126,23
DA:131,84
DA:133,84
DA:134,83
DA:135,83
DA:136,83
DA:138,1
DA:143,17
DA:144,1
DA:145,1
DA:148,16
DA:149,8
DA:150,8
DA:153,8
DA:155,8
DA:156,7
DA:157,7
DA:159,1
DA:164,15
DA:165,15
DA:166,15
DA:167,15
DA:171,41
DA:172,41
DA:173,130
DA:174,41
DA:179,1
DA:181,3
DA:185,4
DA:187,1
DA:191,4
DA:192,16
DA:197,1
DA:198,1
DA:200,1
DA:204,1
DA:206,1
DA:208,1
DA:210,1
LF:102
LH:102
BRDA:13,0,0,4
BRDA:13,0,1,12
BRDA:15,1,0,4
BRDA:15,1,1,8
BRDA:18,2,0,8
BRDA:18,2,1,4
BRDA:41,3,0,3
BRDA:41,3,1,391
BRDA:43,4,0,108
BRDA:43,4,1,106
BRDA:43,4,2,85
BRDA:43,4,3,85
BRDA:43,4,4,7
BRDA:45,5,0,107
BRDA:45,5,1,1
BRDA:48,6,0,84
BRDA:48,6,1,22
BRDA:51,7,0,84
BRDA:51,7,1,1
BRDA:54,8,0,84
BRDA:54,8,1,1
BRDA:57,9,0,6
BRDA:57,9,1,1
BRDA:63,10,0,107
BRDA:63,10,1,105
BRDA:69,11,0,108
BRDA:69,11,1,107
BRDA:72,12,0,106
BRDA:72,12,1,84
BRDA:72,12,2,44
BRDA:72,12,3,84
BRDA:72,12,4,84
BRDA:78,13,0,85
BRDA:78,13,1,84
BRDA:78,13,2,44
BRDA:94,14,0,22
BRDA:94,14,1,61
BRDA:112,15,0,83
BRDA:112,15,1,24
BRDA:112,16,0,107
BRDA:112,16,1,105
BRDA:112,16,2,84
BRDA:125,17,0,23
BRDA:125,17,1,3
BRDA:133,18,0,83
BRDA:133,18,1,1
BRDA:143,19,0,1
BRDA:143,19,1,16
BRDA:143,20,0,17
BRDA:143,20,1,17
BRDA:148,21,0,8
BRDA:148,21,1,8
BRDA:155,22,0,7
BRDA:155,22,1,1
BRF:54
BRH:54
end_of_record
